This is pdfTeX, Version 3.141592653-2.6-1.40.26 (MiKTeX 24.4 Portable) (preloaded format=pdflatex 2024.10.29)  9 NOV 2024 02:17
entering extended mode
 \write18 enabled.
 %&-line parsing enabled.
**"D:/Kuliah/Semester 5/PPL PRAK/GitThesis/media/tex_file/Clustering in Game An
alysis on FIFA22 Official Players Data_1731093465.tex"

(D:/Kuliah/Semester 5/PPL PRAK/GitThesis/media/tex_file/Clustering in Game Anal
ysis on FIFA22 Official Players Data_1731093465.tex
LaTeX2e <2024-06-01> patch level 2
L3 programming layer <2024-10-09>

(D:\Kuliah\Semester 5\PPL PRAK\GitThesis\miktex_portable\texmfs\install\tex/lat
ex/base\article.cls
Document Class: article 2024/02/08 v1.4n Standard LaTeX document class

(D:\Kuliah\Semester 5\PPL PRAK\GitThesis\miktex_portable\texmfs\install\tex/lat
ex/base\size10.clo
File: size10.clo 2024/02/08 v1.4n Standard LaTeX file (size option)
)
\c@part=\count194
\c@section=\count195
\c@subsection=\count196
\c@subsubsection=\count197
\c@paragraph=\count198
\c@subparagraph=\count199
\c@figure=\count266
\c@table=\count267
\abovecaptionskip=\skip49
\belowcaptionskip=\skip50
\bibindent=\dimen141
)
(D:\Kuliah\Semester 5\PPL PRAK\GitThesis\miktex_portable\texmfs\install\tex/lat
ex/graphics\graphicx.sty
Package: graphicx 2021/09/16 v1.2d Enhanced LaTeX Graphics (DPC,SPQR)

(D:\Kuliah\Semester 5\PPL PRAK\GitThesis\miktex_portable\texmfs\install\tex/lat
ex/graphics\keyval.sty
Package: keyval 2022/05/29 v1.15 key=value parser (DPC)
\KV@toks@=\toks17
)
(D:\Kuliah\Semester 5\PPL PRAK\GitThesis\miktex_portable\texmfs\install\tex/lat
ex/graphics\graphics.sty
Package: graphics 2024/05/23 v1.4g Standard LaTeX Graphics (DPC,SPQR)

(D:\Kuliah\Semester 5\PPL PRAK\GitThesis\miktex_portable\texmfs\install\tex/lat
ex/graphics\trig.sty
Package: trig 2023/12/02 v1.11 sin cos tan (DPC)
)
(D:\Kuliah\Semester 5\PPL PRAK\GitThesis\miktex_portable\texmfs\install\tex/lat
ex/graphics-cfg\graphics.cfg
File: graphics.cfg 2016/06/04 v1.11 sample graphics configuration
)
Package graphics Info: Driver file: pdftex.def on input line 106.

(D:\Kuliah\Semester 5\PPL PRAK\GitThesis\miktex_portable\texmfs\install\tex/lat
ex/graphics-def\pdftex.def
File: pdftex.def 2024/04/13 v1.2c Graphics/color driver for pdftex
))
\Gin@req@height=\dimen142
\Gin@req@width=\dimen143
)
(D:\Kuliah\Semester 5\PPL PRAK\GitThesis\miktex_portable\texmfs\install\tex/lat
ex/l3backend\l3backend-pdftex.def
File: l3backend-pdftex.def 2024-05-08 L3 backend support: PDF output (pdfTeX)
\l__color_backend_stack_int=\count268
\l__pdf_internal_box=\box52
)
No file "Clustering in Game Analysis on FIFA22 Official Players Data_1731093465
".aux.
\openout1 = `"Clustering in Game Analysis on FIFA22 Official Players Data_17310
93465.aux"'.

LaTeX Font Info:    Checking defaults for OML/cmm/m/it on input line 5.
LaTeX Font Info:    ... okay on input line 5.
LaTeX Font Info:    Checking defaults for OMS/cmsy/m/n on input line 5.
LaTeX Font Info:    ... okay on input line 5.
LaTeX Font Info:    Checking defaults for OT1/cmr/m/n on input line 5.
LaTeX Font Info:    ... okay on input line 5.
LaTeX Font Info:    Checking defaults for T1/cmr/m/n on input line 5.
LaTeX Font Info:    ... okay on input line 5.
LaTeX Font Info:    Checking defaults for TS1/cmr/m/n on input line 5.
LaTeX Font Info:    ... okay on input line 5.
LaTeX Font Info:    Checking defaults for OMX/cmex/m/n on input line 5.
LaTeX Font Info:    ... okay on input line 5.
LaTeX Font Info:    Checking defaults for U/cmr/m/n on input line 5.
LaTeX Font Info:    ... okay on input line 5.

(D:\Kuliah\Semester 5\PPL PRAK\GitThesis\miktex_portable\texmfs\install\tex/con
text/base/mkii\supp-pdf.mkii
[Loading MPS to PDF converter (version 2006.09.02).]
\scratchcounter=\count269
\scratchdimen=\dimen144
\scratchbox=\box53
\nofMPsegments=\count270
\nofMParguments=\count271
\everyMPshowfont=\toks18
\MPscratchCnt=\count272
\MPscratchDim=\dimen145
\MPnumerator=\count273
\makeMPintoPDFobject=\count274
\everyMPtoPDFconversion=\toks19
)
(D:\Kuliah\Semester 5\PPL PRAK\GitThesis\miktex_portable\texmfs\install\tex/lat
ex/epstopdf-pkg\epstopdf-base.sty
Package: epstopdf-base 2020-01-24 v2.11 Base part for package epstopdf
Package epstopdf-base Info: Redefining graphics rule for `.eps' on input line 4
85.

(D:\Kuliah\Semester 5\PPL PRAK\GitThesis\miktex_portable\texmfs\install\tex/lat
ex/00miktex\epstopdf-sys.cfg
File: epstopdf-sys.cfg 2021/03/18 v2.0 Configuration of epstopdf for MiKTeX
))
LaTeX Font Info:    External font `cmex10' loaded for size
(Font)              <12> on input line 13.
LaTeX Font Info:    External font `cmex10' loaded for size
(Font)              <8> on input line 13.
LaTeX Font Info:    External font `cmex10' loaded for size
(Font)              <6> on input line 13.


LaTeX Warning: No \author given.

<images/1_20241102151715.jpg, id=1, 722.7pt x 1606.0pt>
File: images/1_20241102151715.jpg Graphic file (type jpg)
<use images/1_20241102151715.jpg>
Package pdftex.def Info: images/1_20241102151715.jpg  used on input line 53.
(pdftex.def)             Requested size: 276.00105pt x 613.32504pt.


[1

{D:/Kuliah/Semester 5/PPL PRAK/GitThesis/miktex_portable/texmfs/data/fonts/map/
pdftex/pdftex.map}]
Overfull \vbox (63.32504pt too high) has occurred while \output is active []



[2 <./images/1_20241102151715.jpg>]
! Undefined control sequence.
l.67 ...outube.com/watch?v=dQw4w9WgXcQ} \hyperlink
                                                  {https://www.youtube.com/w...
The control sequence at the end of the top line
of your error message was never \def'ed. If you have
misspelled it (e.g., `\hobx'), type `I' and the correct
spelling (e.g., `I\hbox'). Otherwise just continue,
and I'll forget about whatever was undefined.


Overfull \hbox (60.1173pt too wide) in paragraph at lines 67--68
[]\OT1/cmr/bx/n/10 Tautan Video YouTube:https://www.youtube.com/watch?v=dQw4w9W
gXcQ
 []


Overfull \hbox (0.38965pt too wide) in paragraph at lines 67--68
\OT1/cmr/m/n/10 https://www.youtube.com/watch?v=dQw4w9WgXcQKlik di sini un-tuk 
menon-
 []



[3] (Clustering in Game Analysis on FIFA22 Official Players Data_1731093465.aux
)
 ***********
LaTeX2e <2024-06-01> patch level 2
L3 programming layer <2024-10-09>
 ***********
 ) 
Here is how much of TeX's memory you used:
 1302 strings out of 473896
 23579 string characters out of 5696178
 406157 words of memory out of 5000000
 24214 multiletter control sequences out of 15000+600000
 562017 words of font info for 49 fonts, out of 8000000 for 9000
 1141 hyphenation exceptions out of 8191
 57i,6n,65p,327b,202s stack positions out of 10000i,1000n,20000p,200000b,200000s
<D:/Kuliah/Semester 5/PPL PRAK/GitThesis/miktex_portable/texmfs/install/fonts
/type1/public/amsfonts/cm/cmbx10.pfb><D:/Kuliah/Semester 5/PPL PRAK/GitThesis/m
iktex_portable/texmfs/install/fonts/type1/public/amsfonts/cm/cmbx12.pfb><D:/Kul
iah/Semester 5/PPL PRAK/GitThesis/miktex_portable/texmfs/install/fonts/type1/pu
blic/amsfonts/cm/cmr10.pfb><D:/Kuliah/Semester 5/PPL PRAK/GitThesis/miktex_port
able/texmfs/install/fonts/type1/public/amsfonts/cm/cmr12.pfb><D:/Kuliah/Semeste
r 5/PPL PRAK/GitThesis/miktex_portable/texmfs/install/fonts/type1/public/amsfon
ts/cm/cmr17.pfb>
Output written on "Clustering in Game Analysis on FIFA22 Official Players Data_
1731093465.pdf" (3 pages, 210081 bytes).
PDF statistics:
 38 PDF objects out of 1000 (max. 8388607)
 0 named destinations out of 1000 (max. 500000)
 6 words of extra memory for PDF output out of 10000 (max. 10000000)

